<?xml version="1.0" encoding="UTF-8"?>
<testsuite xmlns:xsi="http://www.w3.org/2001/XMLSchema-instance" xsi:noNamespaceSchemaLocation="https://maven.apache.org/surefire/maven-surefire-plugin/xsd/surefire-test-report-3.0.xsd" version="3.0" name="es.codeurjc.daw.UnitaryTest" time="2.774" tests="3" errors="0" skipped="0" failures="0">
  <properties>
[...]
</properties>
  <testcase name="deleteCommentTest" classname="es.codeurjc.daw.UnitaryTest" time="0.231"/>
  <testcase name="createCommentTest" classname="es.codeurjc.daw.UnitaryTest" time="0.014"/>
  <testcase name="createPostTest" classname="es.codeurjc.daw.UnitaryTest" time="0.007"/>
</testsuite>